# JRE version: Java(TM) SE Runtime Environment (12.0+33) (build 12+33)
# Java VM: Java HotSpot(TM) 64-Bit Server VM (12+33, mixed mode, sharing, tiered, compressed oops, g1 gc, windows-amd64)
Heap:
 garbage-first heap   total 142336K, used 92418K [0x0000000701c00000, 0x0000000800000000)
  region size 1024K, 46 young (47104K), 3 survivors (3072K)
 Metaspace       used 66109K, capacity 68200K, committed 68348K, reserved 1107968K
  class space    used 8815K, capacity 9633K, committed 9728K, reserved 1048576K
GC Heap History (10 events):
Event: 10.271 GC heap before
{Heap before GC invocations=20 (full 0):
 garbage-first heap   total 114688K, used 82361K [0x0000000701c00000, 0x0000000800000000)
  region size 1024K, 51 young (52224K), 4 survivors (4096K)
 Metaspace       used 62721K, capacity 64742K, committed 65020K, reserved 1105920K
  class space    used 8350K, capacity 9127K, committed 9216K, reserved 1048576K
}
Event: 10.289 GC heap after
{Heap after GC invocations=21 (full 0):
 garbage-first heap   total 114688K, used 41228K [0x0000000701c00000, 0x0000000800000000)
  region size 1024K, 7 young (7168K), 7 survivors (7168K)
 Metaspace       used 62721K, capacity 64742K, committed 65020K, reserved 1105920K
  class space    used 8350K, capacity 9127K, committed 9216K, reserved 1048576K
}
Event: 10.504 GC heap before
{Heap before GC invocations=21 (full 0):
 garbage-first heap   total 114688K, used 84236K [0x0000000701c00000, 0x0000000800000000)
  region size 1024K, 49 young (50176K), 7 survivors (7168K)
 Metaspace       used 62884K, capacity 64818K, committed 65020K, reserved 1105920K
  class space    used 8362K, capacity 9131K, committed 9216K, reserved 1048576K
}
Event: 10.529 GC heap after
{Heap after GC invocations=22 (full 0):
 garbage-first heap   total 114688K, used 51468K [0x0000000701c00000, 0x0000000800000000)
  region size 1024K, 7 young (7168K), 7 survivors (7168K)
 Metaspace       used 62884K, capacity 64818K, committed 65020K, reserved 1105920K
  class space    used 8362K, capacity 9131K, committed 9216K, reserved 1048576K
}
Event: 10.671 GC heap before
{Heap before GC invocations=22 (full 0):
 garbage-first heap   total 114688K, used 87308K [0x0000000701c00000, 0x0000000800000000)
  region size 1024K, 42 young (43008K), 7 survivors (7168K)
 Metaspace       used 62958K, capacity 64948K, committed 65276K, reserved 1105920K
  class space    used 8362K, capacity 9131K, committed 9216K, reserved 1048576K
}
Event: 10.678 GC heap after
{Heap after GC invocations=23 (full 0):
 garbage-first heap   total 114688K, used 50956K [0x0000000701c00000, 0x0000000800000000)
  region size 1024K, 5 young (5120K), 5 survivors (5120K)
 Metaspace       used 62958K, capacity 64948K, committed 65276K, reserved 1105920K
  class space    used 8362K, capacity 9131K, committed 9216K, reserved 1048576K
}
Event: 10.870 GC heap before
{Heap before GC invocations=23 (full 0):
 garbage-first heap   total 114688K, used 85772K [0x0000000701c00000, 0x0000000800000000)
  region size 1024K, 40 young (40960K), 5 survivors (5120K)
 Metaspace       used 63139K, capacity 65120K, committed 65276K, reserved 1105920K
  class space    used 8382K, capacity 9167K, committed 9216K, reserved 1048576K
}
Event: 10.873 GC heap after
{Heap after GC invocations=24 (full 0):
 garbage-first heap   total 142336K, used 47372K [0x0000000701c00000, 0x0000000800000000)
  region size 1024K, 1 young (1024K), 1 survivors (1024K)
 Metaspace       used 63139K, capacity 65120K, committed 65276K, reserved 1105920K
  class space    used 8382K, capacity 9167K, committed 9216K, reserved 1048576K
}
Event: 11.394 GC heap before
{Heap before GC invocations=24 (full 0):
 garbage-first heap   total 142336K, used 97548K [0x0000000701c00000, 0x0000000800000000)
  region size 1024K, 51 young (52224K), 1 survivors (1024K)
 Metaspace       used 64681K, capacity 66685K, committed 66812K, reserved 1105920K
  class space    used 8588K, capacity 9387K, committed 9472K, reserved 1048576K
}
Event: 11.399 GC heap after
{Heap after GC invocations=25 (full 0):
 garbage-first heap   total 142336K, used 49410K [0x0000000701c00000, 0x0000000800000000)
  region size 1024K, 3 young (3072K), 3 survivors (3072K)
 Metaspace       used 64681K, capacity 66685K, committed 66812K, reserved 1105920K
  class space    used 8588K, capacity 9387K, committed 9472K, reserved 1048576K
}

