# JRE version: Java(TM) SE Runtime Environment (12.0+33) (build 12+33)
# Java VM: Java HotSpot(TM) 64-Bit Server VM (12+33, mixed mode, sharing, tiered, compressed oops, g1 gc, windows-amd64)
Heap:
 garbage-first heap   total 144384K, used 58292K [0x0000000701c00000, 0x0000000800000000)
  region size 1024K, 24 young (24576K), 2 survivors (2048K)
 Metaspace       used 64334K, capacity 66289K, committed 66424K, reserved 1105920K
  class space    used 8559K, capacity 9316K, committed 9420K, reserved 1048576K
GC Heap History (10 events):
Event: 8.547 GC heap before
{Heap before GC invocations=20 (full 0):
 garbage-first heap   total 114688K, used 78257K [0x0000000701c00000, 0x0000000800000000)
  region size 1024K, 52 young (53248K), 5 survivors (5120K)
 Metaspace       used 61416K, capacity 63344K, committed 63480K, reserved 1103872K
  class space    used 8256K, capacity 9004K, committed 9036K, reserved 1048576K
}
Event: 8.558 GC heap after
{Heap after GC invocations=21 (full 0):
 garbage-first heap   total 114688K, used 32677K [0x0000000701c00000, 0x0000000800000000)
  region size 1024K, 6 young (6144K), 6 survivors (6144K)
 Metaspace       used 61416K, capacity 63344K, committed 63480K, reserved 1103872K
  class space    used 8256K, capacity 9004K, committed 9036K, reserved 1048576K
}
Event: 8.900 GC heap before
{Heap before GC invocations=21 (full 0):
 garbage-first heap   total 114688K, used 81829K [0x0000000701c00000, 0x0000000800000000)
  region size 1024K, 54 young (55296K), 6 survivors (6144K)
 Metaspace       used 62546K, capacity 64511K, committed 64632K, reserved 1105920K
  class space    used 8365K, capacity 9134K, committed 9164K, reserved 1048576K
}
Event: 8.921 GC heap after
{Heap after GC invocations=22 (full 0):
 garbage-first heap   total 114688K, used 39304K [0x0000000701c00000, 0x0000000800000000)
  region size 1024K, 7 young (7168K), 7 survivors (7168K)
 Metaspace       used 62546K, capacity 64511K, committed 64632K, reserved 1105920K
  class space    used 8365K, capacity 9134K, committed 9164K, reserved 1048576K
}
Event: 9.163 GC heap before
{Heap before GC invocations=22 (full 0):
 garbage-first heap   total 114688K, used 83336K [0x0000000701c00000, 0x0000000800000000)
  region size 1024K, 50 young (51200K), 7 survivors (7168K)
 Metaspace       used 62757K, capacity 64715K, committed 64888K, reserved 1105920K
  class space    used 8378K, capacity 9138K, committed 9164K, reserved 1048576K
}
Event: 9.174 GC heap after
{Heap after GC invocations=23 (full 0):
 garbage-first heap   total 114688K, used 39414K [0x0000000701c00000, 0x0000000800000000)
  region size 1024K, 5 young (5120K), 5 survivors (5120K)
 Metaspace       used 62757K, capacity 64715K, committed 64888K, reserved 1105920K
  class space    used 8378K, capacity 9138K, committed 9164K, reserved 1048576K
}
Event: 9.387 GC heap before
{Heap before GC invocations=23 (full 0):
 garbage-first heap   total 114688K, used 83446K [0x0000000701c00000, 0x0000000800000000)
  region size 1024K, 48 young (49152K), 5 survivors (5120K)
 Metaspace       used 62871K, capacity 64846K, committed 64888K, reserved 1105920K
  class space    used 8378K, capacity 9138K, committed 9164K, reserved 1048576K
}
Event: 9.392 GC heap after
{Heap after GC invocations=24 (full 0):
 garbage-first heap   total 144384K, used 39331K [0x0000000701c00000, 0x0000000800000000)
  region size 1024K, 5 young (5120K), 5 survivors (5120K)
 Metaspace       used 62871K, capacity 64846K, committed 64888K, reserved 1105920K
  class space    used 8378K, capacity 9138K, committed 9164K, reserved 1048576K
}
Event: 9.784 GC heap before
{Heap before GC invocations=24 (full 0):
 garbage-first heap   total 144384K, used 96675K [0x0000000701c00000, 0x0000000800000000)
  region size 1024K, 62 young (63488K), 5 survivors (5120K)
 Metaspace       used 63488K, capacity 65472K, committed 65784K, reserved 1105920K
  class space    used 8448K, capacity 9215K, committed 9292K, reserved 1048576K
}
Event: 9.789 GC heap after
{Heap after GC invocations=25 (full 0):
 garbage-first heap   total 144384K, used 36788K [0x0000000701c00000, 0x0000000800000000)
  region size 1024K, 2 young (2048K), 2 survivors (2048K)
 Metaspace       used 63488K, capacity 65472K, committed 65784K, reserved 1105920K
  class space    used 8448K, capacity 9215K, committed 9292K, reserved 1048576K
}

