# JRE version: Java(TM) SE Runtime Environment (12.0+33) (build 12+33)
# Java VM: Java HotSpot(TM) 64-Bit Server VM (12+33, mixed mode, sharing, tiered, compressed oops, g1 gc, windows-amd64)
Heap:
 garbage-first heap   total 132096K, used 73944K [0x0000000701c00000, 0x0000000800000000)
  region size 1024K, 41 young (41984K), 2 survivors (2048K)
 Metaspace       used 65110K, capacity 67245K, committed 67584K, reserved 1107968K
  class space    used 8590K, capacity 9383K, committed 9472K, reserved 1048576K
GC Heap History (10 events):
Event: 9.987 GC heap before
{Heap before GC invocations=20 (full 0):
 garbage-first heap   total 109568K, used 77542K [0x0000000701c00000, 0x0000000800000000)
  region size 1024K, 52 young (53248K), 5 survivors (5120K)
 Metaspace       used 61566K, capacity 63535K, committed 63744K, reserved 1103872K
  class space    used 8201K, capacity 8945K, committed 8960K, reserved 1048576K
}
Event: 9.999 GC heap after
{Heap after GC invocations=21 (full 0):
 garbage-first heap   total 109568K, used 32126K [0x0000000701c00000, 0x0000000800000000)
  region size 1024K, 6 young (6144K), 6 survivors (6144K)
 Metaspace       used 61566K, capacity 63535K, committed 63744K, reserved 1103872K
  class space    used 8201K, capacity 8945K, committed 8960K, reserved 1048576K
}
Event: 10.428 GC heap before
{Heap before GC invocations=21 (full 0):
 garbage-first heap   total 109568K, used 80254K [0x0000000701c00000, 0x0000000800000000)
  region size 1024K, 53 young (54272K), 6 survivors (6144K)
 Metaspace       used 63098K, capacity 65118K, committed 65280K, reserved 1105920K
  class space    used 8355K, capacity 9127K, committed 9216K, reserved 1048576K
}
Event: 10.446 GC heap after
{Heap after GC invocations=22 (full 0):
 garbage-first heap   total 109568K, used 38664K [0x0000000701c00000, 0x0000000800000000)
  region size 1024K, 7 young (7168K), 7 survivors (7168K)
 Metaspace       used 63098K, capacity 65118K, committed 65280K, reserved 1105920K
  class space    used 8355K, capacity 9127K, committed 9216K, reserved 1048576K
}
Event: 10.696 GC heap before
{Heap before GC invocations=22 (full 0):
 garbage-first heap   total 109568K, used 82696K [0x0000000701c00000, 0x0000000800000000)
  region size 1024K, 50 young (51200K), 7 survivors (7168K)
 Metaspace       used 63330K, capacity 65386K, committed 65536K, reserved 1105920K
  class space    used 8369K, capacity 9131K, committed 9216K, reserved 1048576K
}
Event: 10.707 GC heap after
{Heap after GC invocations=23 (full 0):
 garbage-first heap   total 109568K, used 37847K [0x0000000701c00000, 0x0000000800000000)
  region size 1024K, 5 young (5120K), 5 survivors (5120K)
 Metaspace       used 63330K, capacity 65386K, committed 65536K, reserved 1105920K
  class space    used 8369K, capacity 9131K, committed 9216K, reserved 1048576K
}
Event: 10.909 GC heap before
{Heap before GC invocations=23 (full 0):
 garbage-first heap   total 109568K, used 81879K [0x0000000701c00000, 0x0000000800000000)
  region size 1024K, 48 young (49152K), 5 survivors (5120K)
 Metaspace       used 63393K, capacity 65389K, committed 65536K, reserved 1105920K
  class space    used 8369K, capacity 9131K, committed 9216K, reserved 1048576K
}
Event: 10.915 GC heap after
{Heap after GC invocations=24 (full 0):
 garbage-first heap   total 132096K, used 36857K [0x0000000701c00000, 0x0000000800000000)
  region size 1024K, 3 young (3072K), 3 survivors (3072K)
 Metaspace       used 63393K, capacity 65389K, committed 65536K, reserved 1105920K
  class space    used 8369K, capacity 9131K, committed 9216K, reserved 1048576K
}
Event: 11.244 GC heap before
{Heap before GC invocations=24 (full 0):
 garbage-first heap   total 132096K, used 90105K [0x0000000701c00000, 0x0000000800000000)
  region size 1024K, 56 young (57344K), 3 survivors (3072K)
 Metaspace       used 63794K, capacity 65822K, committed 66048K, reserved 1105920K
  class space    used 8408K, capacity 9167K, committed 9216K, reserved 1048576K
}
Event: 11.247 GC heap after
{Heap after GC invocations=25 (full 0):
 garbage-first heap   total 132096K, used 35032K [0x0000000701c00000, 0x0000000800000000)
  region size 1024K, 2 young (2048K), 2 survivors (2048K)
 Metaspace       used 63794K, capacity 65822K, committed 66048K, reserved 1105920K
  class space    used 8408K, capacity 9167K, committed 9216K, reserved 1048576K
}

