# JRE version: OpenJDK Runtime Environment (11.0.11+9) (build 11.0.11+9-b60-7590822)
# Java VM: OpenJDK 64-Bit Server VM (11.0.11+9-b60-7590822, mixed mode, tiered, compressed oops, g1 gc, windows-amd64)
Heap:
 garbage-first heap   total 262144K, used 154429K [0x00000000a0000000, 0x0000000100000000)
  region size 1024K, 63 young (64512K), 10 survivors (10240K)
 Metaspace       used 90488K, capacity 92970K, committed 93128K, reserved 1130496K
  class space    used 11452K, capacity 12359K, committed 12364K, reserved 1048576K
GC Heap History (20 events):
Event: 8.680 GC heap before
{Heap before GC invocations=8 (full 0):
 garbage-first heap   total 262144K, used 65208K [0x00000000a0000000, 0x0000000100000000)
  region size 1024K, 40 young (40960K), 20 survivors (20480K)
 Metaspace       used 58590K, capacity 59951K, committed 60028K, reserved 1101824K
  class space    used 7365K, capacity 7905K, committed 7936K, reserved 1048576K
}
Event: 8.703 GC heap after
{Heap after GC invocations=9 (full 0):
 garbage-first heap   total 262144K, used 47250K [0x00000000a0000000, 0x0000000100000000)
  region size 1024K, 3 young (3072K), 3 survivors (3072K)
 Metaspace       used 58590K, capacity 59951K, committed 60028K, reserved 1101824K
  class space    used 7365K, capacity 7905K, committed 7936K, reserved 1048576K
}
Event: 10.457 GC heap before
{Heap before GC invocations=10 (full 0):
 garbage-first heap   total 262144K, used 139410K [0x00000000a0000000, 0x0000000100000000)
  region size 1024K, 93 young (95232K), 3 survivors (3072K)
 Metaspace       used 66143K, capacity 67801K, committed 67912K, reserved 1107968K
  class space    used 8480K, capacity 9117K, committed 9164K, reserved 1048576K
}
Event: 10.468 GC heap after
{Heap after GC invocations=11 (full 0):
 garbage-first heap   total 262144K, used 53028K [0x00000000a0000000, 0x0000000100000000)
  region size 1024K, 9 young (9216K), 9 survivors (9216K)
 Metaspace       used 66143K, capacity 67801K, committed 67912K, reserved 1107968K
  class space    used 8480K, capacity 9117K, committed 9164K, reserved 1048576K
}
Event: 11.752 GC heap before
{Heap before GC invocations=12 (full 0):
 garbage-first heap   total 262144K, used 150308K [0x00000000a0000000, 0x0000000100000000)
  region size 1024K, 104 young (106496K), 9 survivors (9216K)
 Metaspace       used 72868K, capacity 74710K, committed 74952K, reserved 1114112K
  class space    used 9506K, capacity 10203K, committed 10316K, reserved 1048576K
}
Event: 11.763 GC heap after
{Heap after GC invocations=13 (full 0):
 garbage-first heap   total 262144K, used 59767K [0x00000000a0000000, 0x0000000100000000)
  region size 1024K, 7 young (7168K), 7 survivors (7168K)
 Metaspace       used 72868K, capacity 74710K, committed 74952K, reserved 1114112K
  class space    used 9506K, capacity 10203K, committed 10316K, reserved 1048576K
}
Event: 13.590 GC heap before
{Heap before GC invocations=13 (full 0):
 garbage-first heap   total 262144K, used 161143K [0x00000000a0000000, 0x0000000100000000)
  region size 1024K, 107 young (109568K), 7 survivors (7168K)
 Metaspace       used 77243K, capacity 79263K, committed 79560K, reserved 1118208K
  class space    used 10033K, capacity 10785K, committed 10828K, reserved 1048576K
}
Event: 13.602 GC heap after
{Heap after GC invocations=14 (full 0):
 garbage-first heap   total 262144K, used 67755K [0x00000000a0000000, 0x0000000100000000)
  region size 1024K, 14 young (14336K), 14 survivors (14336K)
 Metaspace       used 77243K, capacity 79263K, committed 79560K, reserved 1118208K
  class space    used 10033K, capacity 10785K, committed 10828K, reserved 1048576K
}
Event: 14.550 GC heap before
{Heap before GC invocations=14 (full 0):
 garbage-first heap   total 262144K, used 171179K [0x00000000a0000000, 0x0000000100000000)
  region size 1024K, 115 young (117760K), 14 survivors (14336K)
 Metaspace       used 77942K, capacity 80074K, committed 80200K, reserved 1118208K
  class space    used 10078K, capacity 10874K, committed 10956K, reserved 1048576K
}
Event: 14.568 GC heap after
{Heap after GC invocations=15 (full 0):
 garbage-first heap   total 262144K, used 75593K [0x00000000a0000000, 0x0000000100000000)
  region size 1024K, 8 young (8192K), 8 survivors (8192K)
 Metaspace       used 77942K, capacity 80074K, committed 80200K, reserved 1118208K
  class space    used 10078K, capacity 10874K, committed 10956K, reserved 1048576K
}
Event: 15.387 GC heap before
{Heap before GC invocations=15 (full 0):
 garbage-first heap   total 262144K, used 179017K [0x00000000a0000000, 0x0000000100000000)
  region size 1024K, 110 young (112640K), 8 survivors (8192K)
 Metaspace       used 82042K, capacity 84144K, committed 84296K, reserved 1122304K
  class space    used 10589K, capacity 11391K, committed 11468K, reserved 1048576K
}
Event: 15.396 GC heap after
{Heap after GC invocations=16 (full 0):
 garbage-first heap   total 262144K, used 79745K [0x00000000a0000000, 0x0000000100000000)
  region size 1024K, 12 young (12288K), 12 survivors (12288K)
 Metaspace       used 82042K, capacity 84144K, committed 84296K, reserved 1122304K
  class space    used 10589K, capacity 11391K, committed 11468K, reserved 1048576K
}
Event: 27.317 GC heap before
{Heap before GC invocations=16 (full 0):
 garbage-first heap   total 262144K, used 185217K [0x00000000a0000000, 0x0000000100000000)
  region size 1024K, 116 young (118784K), 12 survivors (12288K)
 Metaspace       used 85762K, capacity 88122K, committed 88264K, reserved 1126400K
  class space    used 11136K, capacity 12046K, committed 12108K, reserved 1048576K
}
Event: 27.330 GC heap after
{Heap after GC invocations=17 (full 0):
 garbage-first heap   total 262144K, used 85858K [0x00000000a0000000, 0x0000000100000000)
  region size 1024K, 12 young (12288K), 12 survivors (12288K)
 Metaspace       used 85762K, capacity 88122K, committed 88264K, reserved 1126400K
  class space    used 11136K, capacity 12046K, committed 12108K, reserved 1048576K
}
Event: 62.309 GC heap before
{Heap before GC invocations=17 (full 0):
 garbage-first heap   total 262144K, used 192354K [0x00000000a0000000, 0x0000000100000000)
  region size 1024K, 117 young (119808K), 12 survivors (12288K)
 Metaspace       used 89572K, capacity 92062K, committed 92360K, reserved 1130496K
  class space    used 11412K, capacity 12318K, committed 12364K, reserved 1048576K
}
Event: 62.322 GC heap after
{Heap after GC invocations=18 (full 0):
 garbage-first heap   total 262144K, used 89127K [0x00000000a0000000, 0x0000000100000000)
  region size 1024K, 10 young (10240K), 10 survivors (10240K)
 Metaspace       used 89572K, capacity 92062K, committed 92360K, reserved 1130496K
  class space    used 11412K, capacity 12318K, committed 12364K, reserved 1048576K
}
Event: 63.148 GC heap before
{Heap before GC invocations=18 (full 0):
 garbage-first heap   total 262144K, used 196647K [0x00000000a0000000, 0x0000000100000000)
  region size 1024K, 116 young (118784K), 10 survivors (10240K)
 Metaspace       used 90073K, capacity 92567K, committed 92616K, reserved 1130496K
  class space    used 11427K, capacity 12343K, committed 12364K, reserved 1048576K
}
Event: 63.157 GC heap after
{Heap after GC invocations=19 (full 0):
 garbage-first heap   total 262144K, used 95055K [0x00000000a0000000, 0x0000000100000000)
  region size 1024K, 11 young (11264K), 11 survivors (11264K)
 Metaspace       used 90073K, capacity 92567K, committed 92616K, reserved 1130496K
  class space    used 11427K, capacity 12343K, committed 12364K, reserved 1048576K
}
Event: 83.033 GC heap before
{Heap before GC invocations=19 (full 0):
 garbage-first heap   total 262144K, used 201551K [0x00000000a0000000, 0x0000000100000000)
  region size 1024K, 116 young (118784K), 11 survivors (11264K)
 Metaspace       used 90309K, capacity 92816K, committed 92872K, reserved 1130496K
  class space    used 11442K, capacity 12354K, committed 12364K, reserved 1048576K
}
Event: 83.044 GC heap after
{Heap after GC invocations=20 (full 0):
 garbage-first heap   total 262144K, used 99133K [0x00000000a0000000, 0x0000000100000000)
  region size 1024K, 10 young (10240K), 10 survivors (10240K)
 Metaspace       used 90309K, capacity 92816K, committed 92872K, reserved 1130496K
  class space    used 11442K, capacity 12354K, committed 12364K, reserved 1048576K
}

