# JRE version: OpenJDK Runtime Environment (11.0.11+9) (build 11.0.11+9-b60-7590822)
# Java VM: OpenJDK 64-Bit Server VM (11.0.11+9-b60-7590822, mixed mode, tiered, compressed oops, g1 gc, windows-amd64)
Heap:
 garbage-first heap   total 262144K, used 88530K [0x00000000a0000000, 0x0000000100000000)
  region size 1024K, 24 young (24576K), 14 survivors (14336K)
 Metaspace       used 79544K, capacity 81731K, committed 81992K, reserved 1120256K
  class space    used 10301K, capacity 11144K, committed 11212K, reserved 1048576K
GC Heap History (20 events):
Event: 3.707 GC heap before
{Heap before GC invocations=1 (full 0):
 garbage-first heap   total 262144K, used 87609K [0x00000000a0000000, 0x0000000100000000)
  region size 1024K, 81 young (82944K), 3 survivors (3072K)
 Metaspace       used 20629K, capacity 21130K, committed 21296K, reserved 1069056K
  class space    used 2424K, capacity 2569K, committed 2688K, reserved 1048576K
}
Event: 3.714 GC heap after
{Heap after GC invocations=2 (full 0):
 garbage-first heap   total 262144K, used 15972K [0x00000000a0000000, 0x0000000100000000)
  region size 1024K, 11 young (11264K), 11 survivors (11264K)
 Metaspace       used 20629K, capacity 21130K, committed 21296K, reserved 1069056K
  class space    used 2424K, capacity 2569K, committed 2688K, reserved 1048576K
}
Event: 4.263 GC heap before
{Heap before GC invocations=3 (full 0):
 garbage-first heap   total 262144K, used 71268K [0x00000000a0000000, 0x0000000100000000)
  region size 1024K, 65 young (66560K), 11 survivors (11264K)
 Metaspace       used 27158K, capacity 27853K, committed 28080K, reserved 1073152K
  class space    used 3476K, capacity 3713K, committed 3840K, reserved 1048576K
}
Event: 4.269 GC heap after
{Heap after GC invocations=4 (full 0):
 garbage-first heap   total 262144K, used 18475K [0x00000000a0000000, 0x0000000100000000)
  region size 1024K, 3 young (3072K), 3 survivors (3072K)
 Metaspace       used 27158K, capacity 27853K, committed 28080K, reserved 1073152K
  class space    used 3476K, capacity 3713K, committed 3840K, reserved 1048576K
}
Event: 4.768 GC heap before
{Heap before GC invocations=4 (full 0):
 garbage-first heap   total 262144K, used 54315K [0x00000000a0000000, 0x0000000100000000)
  region size 1024K, 40 young (40960K), 3 survivors (3072K)
 Metaspace       used 34898K, capacity 35689K, committed 35888K, reserved 1081344K
  class space    used 4438K, capacity 4708K, committed 4736K, reserved 1048576K
}
Event: 4.774 GC heap after
{Heap after GC invocations=5 (full 0):
 garbage-first heap   total 262144K, used 21220K [0x00000000a0000000, 0x0000000100000000)
  region size 1024K, 6 young (6144K), 6 survivors (6144K)
 Metaspace       used 34898K, capacity 35689K, committed 35888K, reserved 1081344K
  class space    used 4438K, capacity 4708K, committed 4736K, reserved 1048576K
}
Event: 5.831 GC heap before
{Heap before GC invocations=6 (full 0):
 garbage-first heap   total 262144K, used 126692K [0x00000000a0000000, 0x0000000100000000)
  region size 1024K, 107 young (109568K), 6 survivors (6144K)
 Metaspace       used 43383K, capacity 44434K, committed 44592K, reserved 1087488K
  class space    used 5550K, capacity 5952K, committed 6016K, reserved 1048576K
}
Event: 5.842 GC heap after
{Heap after GC invocations=7 (full 0):
 garbage-first heap   total 262144K, used 27449K [0x00000000a0000000, 0x0000000100000000)
  region size 1024K, 12 young (12288K), 12 survivors (12288K)
 Metaspace       used 43383K, capacity 44434K, committed 44592K, reserved 1087488K
  class space    used 5550K, capacity 5952K, committed 6016K, reserved 1048576K
}
Event: 7.145 GC heap before
{Heap before GC invocations=7 (full 0):
 garbage-first heap   total 262144K, used 177977K [0x00000000a0000000, 0x0000000100000000)
  region size 1024K, 153 young (156672K), 12 survivors (12288K)
 Metaspace       used 57027K, capacity 58390K, committed 58672K, reserved 1099776K
  class space    used 7195K, capacity 7698K, committed 7808K, reserved 1048576K
}
Event: 7.161 GC heap after
{Heap after GC invocations=8 (full 0):
 garbage-first heap   total 262144K, used 47064K [0x00000000a0000000, 0x0000000100000000)
  region size 1024K, 20 young (20480K), 20 survivors (20480K)
 Metaspace       used 57027K, capacity 58390K, committed 58672K, reserved 1099776K
  class space    used 7195K, capacity 7698K, committed 7808K, reserved 1048576K
}
Event: 7.254 GC heap before
{Heap before GC invocations=8 (full 0):
 garbage-first heap   total 262144K, used 52184K [0x00000000a0000000, 0x0000000100000000)
  region size 1024K, 26 young (26624K), 20 survivors (20480K)
 Metaspace       used 58578K, capacity 59959K, committed 60028K, reserved 1101824K
  class space    used 7374K, capacity 7907K, committed 7936K, reserved 1048576K
}
Event: 7.273 GC heap after
{Heap after GC invocations=9 (full 0):
 garbage-first heap   total 262144K, used 48582K [0x00000000a0000000, 0x0000000100000000)
  region size 1024K, 3 young (3072K), 3 survivors (3072K)
 Metaspace       used 58578K, capacity 59959K, committed 60028K, reserved 1101824K
  class space    used 7374K, capacity 7907K, committed 7936K, reserved 1048576K
}
Event: 8.468 GC heap before
{Heap before GC invocations=10 (full 0):
 garbage-first heap   total 262144K, used 159174K [0x00000000a0000000, 0x0000000100000000)
  region size 1024K, 111 young (113664K), 3 survivors (3072K)
 Metaspace       used 67033K, capacity 68727K, committed 68808K, reserved 1110016K
  class space    used 8622K, capacity 9234K, committed 9292K, reserved 1048576K
}
Event: 8.480 GC heap after
{Heap after GC invocations=11 (full 0):
 garbage-first heap   total 262144K, used 55513K [0x00000000a0000000, 0x0000000100000000)
  region size 1024K, 10 young (10240K), 10 survivors (10240K)
 Metaspace       used 67033K, capacity 68727K, committed 68808K, reserved 1110016K
  class space    used 8622K, capacity 9234K, committed 9292K, reserved 1048576K
}
Event: 9.913 GC heap before
{Heap before GC invocations=12 (full 0):
 garbage-first heap   total 262144K, used 170201K [0x00000000a0000000, 0x0000000100000000)
  region size 1024K, 123 young (125952K), 10 survivors (10240K)
 Metaspace       used 75855K, capacity 77843K, committed 77896K, reserved 1116160K
  class space    used 9929K, capacity 10659K, committed 10700K, reserved 1048576K
}
Event: 9.931 GC heap after
{Heap after GC invocations=13 (full 0):
 garbage-first heap   total 262144K, used 65461K [0x00000000a0000000, 0x0000000100000000)
  region size 1024K, 10 young (10240K), 10 survivors (10240K)
 Metaspace       used 75855K, capacity 77843K, committed 77896K, reserved 1116160K
  class space    used 9929K, capacity 10659K, committed 10700K, reserved 1048576K
}
Event: 11.057 GC heap before
{Heap before GC invocations=13 (full 0):
 garbage-first heap   total 262144K, used 181173K [0x00000000a0000000, 0x0000000100000000)
  region size 1024K, 123 young (125952K), 10 survivors (10240K)
 Metaspace       used 77699K, capacity 79842K, committed 79944K, reserved 1118208K
  class space    used 10085K, capacity 10903K, committed 10956K, reserved 1048576K
}
Event: 11.068 GC heap after
{Heap after GC invocations=14 (full 0):
 garbage-first heap   total 262144K, used 73270K [0x00000000a0000000, 0x0000000100000000)
  region size 1024K, 8 young (8192K), 8 survivors (8192K)
 Metaspace       used 77699K, capacity 79842K, committed 79944K, reserved 1118208K
  class space    used 10085K, capacity 10903K, committed 10956K, reserved 1048576K
}
Event: 11.673 GC heap before
{Heap before GC invocations=14 (full 0):
 garbage-first heap   total 262144K, used 187958K [0x00000000a0000000, 0x0000000100000000)
  region size 1024K, 121 young (123904K), 8 survivors (8192K)
 Metaspace       used 78553K, capacity 80739K, committed 80840K, reserved 1120256K
  class space    used 10154K, capacity 10984K, committed 11084K, reserved 1048576K
}
Event: 11.685 GC heap after
{Heap after GC invocations=15 (full 0):
 garbage-first heap   total 262144K, used 79314K [0x00000000a0000000, 0x0000000100000000)
  region size 1024K, 14 young (14336K), 14 survivors (14336K)
 Metaspace       used 78553K, capacity 80739K, committed 80840K, reserved 1120256K
  class space    used 10154K, capacity 10984K, committed 11084K, reserved 1048576K
}

