# JRE version: OpenJDK Runtime Environment (11.0.11+9) (build 11.0.11+9-b60-7590822)
# Java VM: OpenJDK 64-Bit Server VM (11.0.11+9-b60-7590822, mixed mode, tiered, compressed oops, g1 gc, windows-amd64)
Heap:
 garbage-first heap   total 262144K, used 155342K [0x00000000a0000000, 0x0000000100000000)
  region size 1024K, 86 young (88064K), 16 survivors (16384K)
 Metaspace       used 85581K, capacity 88015K, committed 88136K, reserved 1126400K
  class space    used 11071K, capacity 11952K, committed 11980K, reserved 1048576K
GC Heap History (20 events):
Event: 3.868 GC heap before
{Heap before GC invocations=2 (full 0):
 garbage-first heap   total 262144K, used 56411K [0x00000000a0000000, 0x0000000100000000)
  region size 1024K, 46 young (47104K), 4 survivors (4096K)
 Metaspace       used 19259K, capacity 19742K, committed 19968K, reserved 1067008K
  class space    used 2335K, capacity 2469K, committed 2560K, reserved 1048576K
}
Event: 3.873 GC heap after
{Heap after GC invocations=3 (full 0):
 garbage-first heap   total 262144K, used 15716K [0x00000000a0000000, 0x0000000100000000)
  region size 1024K, 3 young (3072K), 3 survivors (3072K)
 Metaspace       used 19259K, capacity 19742K, committed 19968K, reserved 1067008K
  class space    used 2335K, capacity 2469K, committed 2560K, reserved 1048576K
}
Event: 3.940 GC heap before
{Heap before GC invocations=3 (full 0):
 garbage-first heap   total 262144K, used 21860K [0x00000000a0000000, 0x0000000100000000)
  region size 1024K, 9 young (9216K), 3 survivors (3072K)
 Metaspace       used 20622K, capacity 21130K, committed 21296K, reserved 1069056K
  class space    used 2422K, capacity 2569K, committed 2688K, reserved 1048576K
}
Event: 3.942 GC heap after
{Heap after GC invocations=4 (full 0):
 garbage-first heap   total 262144K, used 15817K [0x00000000a0000000, 0x0000000100000000)
  region size 1024K, 3 young (3072K), 3 survivors (3072K)
 Metaspace       used 20622K, capacity 21130K, committed 21296K, reserved 1069056K
  class space    used 2422K, capacity 2569K, committed 2688K, reserved 1048576K
}
Event: 4.787 GC heap before
{Heap before GC invocations=5 (full 0):
 garbage-first heap   total 262144K, used 88521K [0x00000000a0000000, 0x0000000100000000)
  region size 1024K, 74 young (75776K), 3 survivors (3072K)
 Metaspace       used 29198K, capacity 29919K, committed 30128K, reserved 1075200K
  class space    used 3774K, capacity 4017K, committed 4096K, reserved 1048576K
}
Event: 4.791 GC heap after
{Heap after GC invocations=6 (full 0):
 garbage-first heap   total 262144K, used 18542K [0x00000000a0000000, 0x0000000100000000)
  region size 1024K, 6 young (6144K), 6 survivors (6144K)
 Metaspace       used 29198K, capacity 29919K, committed 30128K, reserved 1075200K
  class space    used 3774K, capacity 4017K, committed 4096K, reserved 1048576K
}
Event: 5.066 GC heap before
{Heap before GC invocations=6 (full 0):
 garbage-first heap   total 262144K, used 39022K [0x00000000a0000000, 0x0000000100000000)
  region size 1024K, 27 young (27648K), 6 survivors (6144K)
 Metaspace       used 34935K, capacity 35689K, committed 35888K, reserved 1081344K
  class space    used 4438K, capacity 4708K, committed 4736K, reserved 1048576K
}
Event: 5.073 GC heap after
{Heap after GC invocations=7 (full 0):
 garbage-first heap   total 262144K, used 20879K [0x00000000a0000000, 0x0000000100000000)
  region size 1024K, 8 young (8192K), 8 survivors (8192K)
 Metaspace       used 34935K, capacity 35689K, committed 35888K, reserved 1081344K
  class space    used 4438K, capacity 4708K, committed 4736K, reserved 1048576K
}
Event: 6.226 GC heap before
{Heap before GC invocations=8 (full 0):
 garbage-first heap   total 262144K, used 148879K [0x00000000a0000000, 0x0000000100000000)
  region size 1024K, 131 young (134144K), 8 survivors (8192K)
 Metaspace       used 43492K, capacity 44510K, committed 44592K, reserved 1087488K
  class space    used 5556K, capacity 5956K, committed 6016K, reserved 1048576K
}
Event: 6.236 GC heap after
{Heap after GC invocations=9 (full 0):
 garbage-first heap   total 262144K, used 27456K [0x00000000a0000000, 0x0000000100000000)
  region size 1024K, 14 young (14336K), 14 survivors (14336K)
 Metaspace       used 43492K, capacity 44510K, committed 44592K, reserved 1087488K
  class space    used 5556K, capacity 5956K, committed 6016K, reserved 1048576K
}
Event: 7.567 GC heap before
{Heap before GC invocations=9 (full 0):
 garbage-first heap   total 262144K, used 165696K [0x00000000a0000000, 0x0000000100000000)
  region size 1024K, 144 young (147456K), 14 survivors (14336K)
 Metaspace       used 58568K, capacity 59957K, committed 60028K, reserved 1101824K
  class space    used 7364K, capacity 7907K, committed 7936K, reserved 1048576K
}
Event: 7.589 GC heap after
{Heap after GC invocations=10 (full 0):
 garbage-first heap   total 262144K, used 45641K [0x00000000a0000000, 0x0000000100000000)
  region size 1024K, 20 young (20480K), 20 survivors (20480K)
 Metaspace       used 58568K, capacity 59957K, committed 60028K, reserved 1101824K
  class space    used 7364K, capacity 7907K, committed 7936K, reserved 1048576K
}
Event: 8.863 GC heap before
{Heap before GC invocations=11 (full 0):
 garbage-first heap   total 262144K, used 181833K [0x00000000a0000000, 0x0000000100000000)
  region size 1024K, 153 young (156672K), 20 survivors (20480K)
 Metaspace       used 68215K, capacity 69897K, committed 70088K, reserved 1110016K
  class space    used 8792K, capacity 9427K, committed 9548K, reserved 1048576K
}
Event: 8.882 GC heap after
{Heap after GC invocations=12 (full 0):
 garbage-first heap   total 262144K, used 58352K [0x00000000a0000000, 0x0000000100000000)
  region size 1024K, 13 young (13312K), 13 survivors (13312K)
 Metaspace       used 68215K, capacity 69897K, committed 70088K, reserved 1110016K
  class space    used 8792K, capacity 9427K, committed 9548K, reserved 1048576K
}
Event: 10.353 GC heap before
{Heap before GC invocations=12 (full 0):
 garbage-first heap   total 262144K, used 193520K [0x00000000a0000000, 0x0000000100000000)
  region size 1024K, 146 young (149504K), 13 survivors (13312K)
 Metaspace       used 77262K, capacity 79324K, committed 79560K, reserved 1118208K
  class space    used 10063K, capacity 10812K, committed 10828K, reserved 1048576K
}
Event: 10.369 GC heap after
{Heap after GC invocations=13 (full 0):
 garbage-first heap   total 262144K, used 68508K [0x00000000a0000000, 0x0000000100000000)
  region size 1024K, 11 young (11264K), 11 survivors (11264K)
 Metaspace       used 77262K, capacity 79324K, committed 79560K, reserved 1118208K
  class space    used 10063K, capacity 10812K, committed 10828K, reserved 1048576K
}
Event: 11.179 GC heap before
{Heap before GC invocations=13 (full 0):
 garbage-first heap   total 262144K, used 202652K [0x00000000a0000000, 0x0000000100000000)
  region size 1024K, 142 young (145408K), 11 survivors (11264K)
 Metaspace       used 78168K, capacity 80373K, committed 80712K, reserved 1120256K
  class space    used 10101K, capacity 10869K, committed 10956K, reserved 1048576K
}
Event: 11.190 GC heap after
{Heap after GC invocations=14 (full 0):
 garbage-first heap   total 262144K, used 76591K [0x00000000a0000000, 0x0000000100000000)
  region size 1024K, 9 young (9216K), 9 survivors (9216K)
 Metaspace       used 78168K, capacity 80373K, committed 80712K, reserved 1120256K
  class space    used 10101K, capacity 10869K, committed 10956K, reserved 1048576K
}
Event: 12.133 GC heap before
{Heap before GC invocations=14 (full 0):
 garbage-first heap   total 262144K, used 204591K [0x00000000a0000000, 0x0000000100000000)
  region size 1024K, 135 young (138240K), 9 survivors (9216K)
 Metaspace       used 83260K, capacity 85494K, committed 85704K, reserved 1124352K
  class space    used 10728K, capacity 11522K, committed 11596K, reserved 1048576K
}
Event: 12.146 GC heap after
{Heap after GC invocations=15 (full 0):
 garbage-first heap   total 262144K, used 83662K [0x00000000a0000000, 0x0000000100000000)
  region size 1024K, 16 young (16384K), 16 survivors (16384K)
 Metaspace       used 83260K, capacity 85494K, committed 85704K, reserved 1124352K
  class space    used 10728K, capacity 11522K, committed 11596K, reserved 1048576K
}

