# JRE version: OpenJDK Runtime Environment (11.0.11+9) (build 11.0.11+9-b60-7590822)
# Java VM: OpenJDK 64-Bit Server VM (11.0.11+9-b60-7590822, mixed mode, tiered, compressed oops, g1 gc, windows-amd64)
Heap:
 garbage-first heap   total 674816K, used 201754K [0x00000000a0000000, 0x0000000100000000)
  region size 1024K, 14 young (14336K), 14 survivors (14336K)
 Metaspace       used 97854K, capacity 100385K, committed 102856K, reserved 1138688K
  class space    used 12473K, capacity 13428K, committed 14412K, reserved 1048576K
GC Heap History (20 events):
Event: 24.432 GC heap after
{Heap after GC invocations=42 (full 0):
 garbage-first heap   total 315392K, used 160258K [0x00000000a0000000, 0x0000000100000000)
  region size 1024K, 10 young (10240K), 10 survivors (10240K)
 Metaspace       used 97378K, capacity 99882K, committed 102600K, reserved 1138688K
  class space    used 12446K, capacity 13403K, committed 14412K, reserved 1048576K
}
Event: 24.579 GC heap before
{Heap before GC invocations=42 (full 0):
 garbage-first heap   total 315392K, used 260610K [0x00000000a0000000, 0x0000000100000000)
  region size 1024K, 109 young (111616K), 10 survivors (10240K)
 Metaspace       used 97512K, capacity 100064K, committed 102600K, reserved 1138688K
  class space    used 12461K, capacity 13421K, committed 14412K, reserved 1048576K
}
Event: 24.586 GC heap after
{Heap after GC invocations=43 (full 0):
 garbage-first heap   total 315392K, used 162491K [0x00000000a0000000, 0x0000000100000000)
  region size 1024K, 5 young (5120K), 5 survivors (5120K)
 Metaspace       used 97512K, capacity 100064K, committed 102600K, reserved 1138688K
  class space    used 12461K, capacity 13421K, committed 14412K, reserved 1048576K
}
Event: 24.745 GC heap before
{Heap before GC invocations=43 (full 0):
 garbage-first heap   total 315392K, used 263867K [0x00000000a0000000, 0x0000000100000000)
  region size 1024K, 104 young (106496K), 5 survivors (5120K)
 Metaspace       used 97542K, capacity 100081K, committed 102600K, reserved 1138688K
  class space    used 12467K, capacity 13426K, committed 14412K, reserved 1048576K
}
Event: 24.760 GC heap after
{Heap after GC invocations=44 (full 0):
 garbage-first heap   total 366592K, used 166587K [0x00000000a0000000, 0x0000000100000000)
  region size 1024K, 9 young (9216K), 9 survivors (9216K)
 Metaspace       used 97542K, capacity 100081K, committed 102600K, reserved 1138688K
  class space    used 12467K, capacity 13426K, committed 14412K, reserved 1048576K
}
Event: 24.936 GC heap before
{Heap before GC invocations=44 (full 0):
 garbage-first heap   total 366592K, used 294587K [0x00000000a0000000, 0x0000000100000000)
  region size 1024K, 135 young (138240K), 9 survivors (9216K)
 Metaspace       used 97595K, capacity 100148K, committed 102600K, reserved 1138688K
  class space    used 12469K, capacity 13427K, committed 14412K, reserved 1048576K
}
Event: 24.943 GC heap after
{Heap after GC invocations=45 (full 0):
 garbage-first heap   total 366592K, used 170597K [0x00000000a0000000, 0x0000000100000000)
  region size 1024K, 13 young (13312K), 13 survivors (13312K)
 Metaspace       used 97595K, capacity 100148K, committed 102600K, reserved 1138688K
  class space    used 12469K, capacity 13427K, committed 14412K, reserved 1048576K
}
Event: 25.115 GC heap before
{Heap before GC invocations=45 (full 0):
 garbage-first heap   total 366592K, used 297573K [0x00000000a0000000, 0x0000000100000000)
  region size 1024K, 138 young (141312K), 13 survivors (13312K)
 Metaspace       used 97615K, capacity 100151K, committed 102600K, reserved 1138688K
  class space    used 12470K, capacity 13427K, committed 14412K, reserved 1048576K
}
Event: 25.126 GC heap after
{Heap after GC invocations=46 (full 0):
 garbage-first heap   total 366592K, used 177101K [0x00000000a0000000, 0x0000000100000000)
  region size 1024K, 14 young (14336K), 14 survivors (14336K)
 Metaspace       used 97615K, capacity 100151K, committed 102600K, reserved 1138688K
  class space    used 12470K, capacity 13427K, committed 14412K, reserved 1048576K
}
Event: 25.283 GC heap before
{Heap before GC invocations=46 (full 0):
 garbage-first heap   total 366592K, used 301005K [0x00000000a0000000, 0x0000000100000000)
  region size 1024K, 135 young (138240K), 14 survivors (14336K)
 Metaspace       used 97628K, capacity 100151K, committed 102600K, reserved 1138688K
  class space    used 12470K, capacity 13427K, committed 14412K, reserved 1048576K
}
Event: 25.293 GC heap after
{Heap after GC invocations=47 (full 0):
 garbage-first heap   total 366592K, used 179822K [0x00000000a0000000, 0x0000000100000000)
  region size 1024K, 12 young (12288K), 12 survivors (12288K)
 Metaspace       used 97628K, capacity 100151K, committed 102600K, reserved 1138688K
  class space    used 12470K, capacity 13427K, committed 14412K, reserved 1048576K
}
Event: 25.450 GC heap before
{Heap before GC invocations=47 (full 0):
 garbage-first heap   total 366592K, used 304750K [0x00000000a0000000, 0x0000000100000000)
  region size 1024K, 134 young (137216K), 12 survivors (12288K)
 Metaspace       used 97667K, capacity 100216K, committed 102856K, reserved 1138688K
  class space    used 12471K, capacity 13427K, committed 14412K, reserved 1048576K
}
Event: 25.503 GC heap after
{Heap after GC invocations=48 (full 0):
 garbage-first heap   total 449536K, used 184668K [0x00000000a0000000, 0x0000000100000000)
  region size 1024K, 10 young (10240K), 10 survivors (10240K)
 Metaspace       used 97667K, capacity 100216K, committed 102856K, reserved 1138688K
  class space    used 12471K, capacity 13427K, committed 14412K, reserved 1048576K
}
Event: 25.721 GC heap before
{Heap before GC invocations=48 (full 0):
 garbage-first heap   total 449536K, used 351580K [0x00000000a0000000, 0x0000000100000000)
  region size 1024K, 173 young (177152K), 10 survivors (10240K)
 Metaspace       used 97708K, capacity 100284K, committed 102856K, reserved 1138688K
  class space    used 12471K, capacity 13427K, committed 14412K, reserved 1048576K
}
Event: 25.734 GC heap after
{Heap after GC invocations=49 (full 0):
 garbage-first heap   total 449536K, used 188382K [0x00000000a0000000, 0x0000000100000000)
  region size 1024K, 14 young (14336K), 14 survivors (14336K)
 Metaspace       used 97708K, capacity 100284K, committed 102856K, reserved 1138688K
  class space    used 12471K, capacity 13427K, committed 14412K, reserved 1048576K
}
Event: 25.953 GC heap before
{Heap before GC invocations=49 (full 0):
 garbage-first heap   total 449536K, used 365534K [0x00000000a0000000, 0x0000000100000000)
  region size 1024K, 187 young (191488K), 14 survivors (14336K)
 Metaspace       used 97830K, capacity 100381K, committed 102856K, reserved 1138688K
  class space    used 12471K, capacity 13427K, committed 14412K, reserved 1048576K
}
Event: 25.967 GC heap after
{Heap after GC invocations=50 (full 0):
 garbage-first heap   total 449536K, used 194345K [0x00000000a0000000, 0x0000000100000000)
  region size 1024K, 16 young (16384K), 16 survivors (16384K)
 Metaspace       used 97830K, capacity 100381K, committed 102856K, reserved 1138688K
  class space    used 12471K, capacity 13427K, committed 14412K, reserved 1048576K
}
Event: 26.167 GC heap before
{Heap before GC invocations=50 (full 0):
 garbage-first heap   total 449536K, used 371497K [0x00000000a0000000, 0x0000000100000000)
  region size 1024K, 189 young (193536K), 16 survivors (16384K)
 Metaspace       used 97834K, capacity 100383K, committed 102856K, reserved 1138688K
  class space    used 12471K, capacity 13427K, committed 14412K, reserved 1048576K
}
Event: 26.183 GC heap after
{Heap after GC invocations=51 (full 0):
 garbage-first heap   total 449536K, used 198936K [0x00000000a0000000, 0x0000000100000000)
  region size 1024K, 16 young (16384K), 16 survivors (16384K)
 Metaspace       used 97834K, capacity 100383K, committed 102856K, reserved 1138688K
  class space    used 12471K, capacity 13427K, committed 14412K, reserved 1048576K
}
Event: 26.382 GC heap before
{Heap before GC invocations=51 (full 0):
 garbage-first heap   total 449536K, used 376088K [0x00000000a0000000, 0x0000000100000000)
  region size 1024K, 189 young (193536K), 16 survivors (16384K)
 Metaspace       used 97854K, capacity 100385K, committed 102856K, reserved 1138688K
  class space    used 12473K, capacity 13428K, committed 14412K, reserved 1048576K
}

